This file contains any messages produced by compilers while
running configure, to aid debugging if configure makes a mistake.

It was created by os-sim configure , which was
generated by GNU Autoconf 2.69.  Invocation command line was

  $ ./configure --sysconfdir=/etc --localstatedir=/var

## --------- ##
## Platform. ##
## --------- ##

hostname = alienvault
uname -m = x86_64
uname -r = 4.19.0-0.bpo.19-amd64
uname -s = Linux
uname -v = #1 SMP Debian 4.19.232-1~deb9u1 (2022-03-08)

/usr/bin/uname -p = unknown
/bin/uname -X     = unknown

/bin/arch              = unknown
/usr/bin/arch -k       = unknown
/usr/convex/getsysinfo = unknown
/usr/bin/hostinfo      = unknown
/bin/machine           = unknown
/usr/bin/oslevel       = unknown
/bin/universe          = unknown

PATH: /usr/local/sbin
PATH: /usr/local/bin
PATH: /usr/sbin
PATH: /usr/bin
PATH: /sbin
PATH: /bin


## ----------- ##
## Core tests. ##
## ----------- ##

configure:2372: checking for a BSD-compatible install
configure:2440: result: /usr/bin/install -c
configure:2451: checking whether build environment is sane
configure:2506: result: yes
configure:2657: checking for a thread-safe mkdir -p
configure:2696: result: /bin/mkdir -p
configure:2703: checking for gawk
configure:2719: found /usr/bin/gawk
configure:2730: result: gawk
configure:2741: checking whether make sets $(MAKE)
configure:2763: result: yes
configure:2792: checking whether make supports nested variables
configure:2809: result: yes
configure:2961: checking whether to enable maintainer-specific portions of Makefiles
configure:2970: result: no
configure:2996: checking for style of include used by make
configure:3024: result: GNU
configure:3095: checking for gcc
configure:3111: found /usr/bin/gcc
configure:3122: result: gcc
configure:3351: checking for C compiler version
configure:3360: gcc --version >&5
gcc (Debian 6.3.0-18+deb9u1) 6.3.0 20170516
Copyright (C) 2016 Free Software Foundation, Inc.
This is free software; see the source for copying conditions.  There is NO
warranty; not even for MERCHANTABILITY or FITNESS FOR A PARTICULAR PURPOSE.

configure:3371: $? = 0
configure:3360: gcc -v >&5
Using built-in specs.
COLLECT_GCC=gcc
COLLECT_LTO_WRAPPER=/usr/lib/gcc/x86_64-linux-gnu/6/lto-wrapper
Target: x86_64-linux-gnu
Configured with: ../src/configure -v --with-pkgversion='Debian 6.3.0-18+deb9u1' --with-bugurl=file:///usr/share/doc/gcc-6/README.Bugs --enable-languages=c,ada,c++,java,go,d,fortran,objc,obj-c++ --prefix=/usr --program-suffix=-6 --program-prefix=x86_64-linux-gnu- --enable-shared --enable-linker-build-id --libexecdir=/usr/lib --without-included-gettext --enable-threads=posix --libdir=/usr/lib --enable-nls --with-sysroot=/ --enable-clocale=gnu --enable-libstdcxx-debug --enable-libstdcxx-time=yes --with-default-libstdcxx-abi=new --enable-gnu-unique-object --disable-vtable-verify --enable-libmpx --enable-plugin --enable-default-pie --with-system-zlib --disable-browser-plugin --enable-java-awt=gtk --enable-gtk-cairo --with-java-home=/usr/lib/jvm/java-1.5.0-gcj-6-amd64/jre --enable-java-home --with-jvm-root-dir=/usr/lib/jvm/java-1.5.0-gcj-6-amd64 --with-jvm-jar-dir=/usr/lib/jvm-exports/java-1.5.0-gcj-6-amd64 --with-arch-directory=amd64 --with-ecj-jar=/usr/share/java/eclipse-ecj.jar --with-target-system-zlib --enable-objc-gc=auto --enable-multiarch --with-arch-32=i686 --with-abi=m64 --with-multilib-list=m32,m64,mx32 --enable-multilib --with-tune=generic --enable-checking=release --build=x86_64-linux-gnu --host=x86_64-linux-gnu --target=x86_64-linux-gnu
Thread model: posix
gcc version 6.3.0 20170516 (Debian 6.3.0-18+deb9u1) 
configure:3371: $? = 0
configure:3360: gcc -V >&5
gcc: error: unrecognized command line option '-V'
gcc: fatal error: no input files
compilation terminated.
configure:3371: $? = 1
configure:3360: gcc -qversion >&5
gcc: error: unrecognized command line option '-qversion'; did you mean '--version'?
gcc: fatal error: no input files
compilation terminated.
configure:3371: $? = 1
configure:3391: checking whether the C compiler works
configure:3413: gcc    conftest.c  >&5
configure:3417: $? = 0
configure:3465: result: yes
configure:3468: checking for C compiler default output file name
configure:3470: result: a.out
configure:3476: checking for suffix of executables
configure:3483: gcc -o conftest    conftest.c  >&5
configure:3487: $? = 0
configure:3509: result: 
configure:3531: checking whether we are cross compiling
configure:3539: gcc -o conftest    conftest.c  >&5
configure:3543: $? = 0
configure:3550: ./conftest
configure:3554: $? = 0
configure:3569: result: no
configure:3574: checking for suffix of object files
configure:3596: gcc -c   conftest.c >&5
configure:3600: $? = 0
configure:3621: result: o
configure:3625: checking whether we are using the GNU C compiler
configure:3644: gcc -c   conftest.c >&5
configure:3644: $? = 0
configure:3653: result: yes
configure:3662: checking whether gcc accepts -g
configure:3682: gcc -c -g  conftest.c >&5
configure:3682: $? = 0
configure:3723: result: yes
configure:3740: checking for gcc option to accept ISO C89
configure:3803: gcc  -c -g -O2  conftest.c >&5
configure:3803: $? = 0
configure:3816: result: none needed
configure:3841: checking whether gcc understands -c and -o together
configure:3863: gcc -c conftest.c -o conftest2.o
configure:3866: $? = 0
configure:3863: gcc -c conftest.c -o conftest2.o
configure:3866: $? = 0
configure:3878: result: yes
configure:3897: checking dependency style of gcc
configure:4008: result: gcc3
configure:4024: checking for library containing strerror
configure:4055: gcc -o conftest -g -O2   conftest.c  >&5
configure:4055: $? = 0
configure:4072: result: none required
configure:4128: checking for gcc
configure:4155: result: gcc
configure:4384: checking for C compiler version
configure:4393: gcc --version >&5
gcc (Debian 6.3.0-18+deb9u1) 6.3.0 20170516
Copyright (C) 2016 Free Software Foundation, Inc.
This is free software; see the source for copying conditions.  There is NO
warranty; not even for MERCHANTABILITY or FITNESS FOR A PARTICULAR PURPOSE.

configure:4404: $? = 0
configure:4393: gcc -v >&5
Using built-in specs.
COLLECT_GCC=gcc
COLLECT_LTO_WRAPPER=/usr/lib/gcc/x86_64-linux-gnu/6/lto-wrapper
Target: x86_64-linux-gnu
Configured with: ../src/configure -v --with-pkgversion='Debian 6.3.0-18+deb9u1' --with-bugurl=file:///usr/share/doc/gcc-6/README.Bugs --enable-languages=c,ada,c++,java,go,d,fortran,objc,obj-c++ --prefix=/usr --program-suffix=-6 --program-prefix=x86_64-linux-gnu- --enable-shared --enable-linker-build-id --libexecdir=/usr/lib --without-included-gettext --enable-threads=posix --libdir=/usr/lib --enable-nls --with-sysroot=/ --enable-clocale=gnu --enable-libstdcxx-debug --enable-libstdcxx-time=yes --with-default-libstdcxx-abi=new --enable-gnu-unique-object --disable-vtable-verify --enable-libmpx --enable-plugin --enable-default-pie --with-system-zlib --disable-browser-plugin --enable-java-awt=gtk --enable-gtk-cairo --with-java-home=/usr/lib/jvm/java-1.5.0-gcj-6-amd64/jre --enable-java-home --with-jvm-root-dir=/usr/lib/jvm/java-1.5.0-gcj-6-amd64 --with-jvm-jar-dir=/usr/lib/jvm-exports/java-1.5.0-gcj-6-amd64 --with-arch-directory=amd64 --with-ecj-jar=/usr/share/java/eclipse-ecj.jar --with-target-system-zlib --enable-objc-gc=auto --enable-multiarch --with-arch-32=i686 --with-abi=m64 --with-multilib-list=m32,m64,mx32 --enable-multilib --with-tune=generic --enable-checking=release --build=x86_64-linux-gnu --host=x86_64-linux-gnu --target=x86_64-linux-gnu
Thread model: posix
gcc version 6.3.0 20170516 (Debian 6.3.0-18+deb9u1) 
configure:4404: $? = 0
configure:4393: gcc -V >&5
gcc: error: unrecognized command line option '-V'
gcc: fatal error: no input files
compilation terminated.
configure:4404: $? = 1
configure:4393: gcc -qversion >&5
gcc: error: unrecognized command line option '-qversion'; did you mean '--version'?
gcc: fatal error: no input files
compilation terminated.
configure:4404: $? = 1
configure:4408: checking whether we are using the GNU C compiler
configure:4436: result: yes
configure:4445: checking whether gcc accepts -g
configure:4506: result: yes
configure:4523: checking for gcc option to accept ISO C89
configure:4599: result: none needed
configure:4624: checking whether gcc understands -c and -o together
configure:4661: result: yes
configure:4680: checking dependency style of gcc
configure:4791: result: gcc3
configure:4864: checking for g++
configure:4880: found /usr/bin/g++
configure:4891: result: g++
configure:4918: checking for C++ compiler version
configure:4927: g++ --version >&5
g++ (Debian 6.3.0-18+deb9u1) 6.3.0 20170516
Copyright (C) 2016 Free Software Foundation, Inc.
This is free software; see the source for copying conditions.  There is NO
warranty; not even for MERCHANTABILITY or FITNESS FOR A PARTICULAR PURPOSE.

configure:4938: $? = 0
configure:4927: g++ -v >&5
Using built-in specs.
COLLECT_GCC=g++
COLLECT_LTO_WRAPPER=/usr/lib/gcc/x86_64-linux-gnu/6/lto-wrapper
Target: x86_64-linux-gnu
Configured with: ../src/configure -v --with-pkgversion='Debian 6.3.0-18+deb9u1' --with-bugurl=file:///usr/share/doc/gcc-6/README.Bugs --enable-languages=c,ada,c++,java,go,d,fortran,objc,obj-c++ --prefix=/usr --program-suffix=-6 --program-prefix=x86_64-linux-gnu- --enable-shared --enable-linker-build-id --libexecdir=/usr/lib --without-included-gettext --enable-threads=posix --libdir=/usr/lib --enable-nls --with-sysroot=/ --enable-clocale=gnu --enable-libstdcxx-debug --enable-libstdcxx-time=yes --with-default-libstdcxx-abi=new --enable-gnu-unique-object --disable-vtable-verify --enable-libmpx --enable-plugin --enable-default-pie --with-system-zlib --disable-browser-plugin --enable-java-awt=gtk --enable-gtk-cairo --with-java-home=/usr/lib/jvm/java-1.5.0-gcj-6-amd64/jre --enable-java-home --with-jvm-root-dir=/usr/lib/jvm/java-1.5.0-gcj-6-amd64 --with-jvm-jar-dir=/usr/lib/jvm-exports/java-1.5.0-gcj-6-amd64 --with-arch-directory=amd64 --with-ecj-jar=/usr/share/java/eclipse-ecj.jar --with-target-system-zlib --enable-objc-gc=auto --enable-multiarch --with-arch-32=i686 --with-abi=m64 --with-multilib-list=m32,m64,mx32 --enable-multilib --with-tune=generic --enable-checking=release --build=x86_64-linux-gnu --host=x86_64-linux-gnu --target=x86_64-linux-gnu
Thread model: posix
gcc version 6.3.0 20170516 (Debian 6.3.0-18+deb9u1) 
configure:4938: $? = 0
configure:4927: g++ -V >&5
g++: error: unrecognized command line option '-V'
g++: fatal error: no input files
compilation terminated.
configure:4938: $? = 1
configure:4927: g++ -qversion >&5
g++: error: unrecognized command line option '-qversion'; did you mean '--version'?
g++: fatal error: no input files
compilation terminated.
configure:4938: $? = 1
configure:4942: checking whether we are using the GNU C++ compiler
configure:4961: g++ -c   conftest.cpp >&5
configure:4961: $? = 0
configure:4970: result: yes
configure:4979: checking whether g++ accepts -g
configure:4999: g++ -c -g  conftest.cpp >&5
configure:4999: $? = 0
configure:5040: result: yes
configure:5065: checking dependency style of g++
configure:5176: result: gcc3
configure:5196: checking how to run the C preprocessor
configure:5227: gcc -E  conftest.c
configure:5227: $? = 0
configure:5241: gcc -E  conftest.c
conftest.c:12:28: fatal error: ac_nonexistent.h: No such file or directory
 #include <ac_nonexistent.h>
                            ^
compilation terminated.
configure:5241: $? = 1
configure: failed program was:
| /* confdefs.h */
| #define PACKAGE_NAME "os-sim"
| #define PACKAGE_TARNAME "os-sim"
| #define PACKAGE_VERSION ""
| #define PACKAGE_STRING "os-sim "
| #define PACKAGE_BUGREPORT ""
| #define PACKAGE_URL ""
| #define PACKAGE "os-sim"
| #define VERSION ""
| #define SERVER_API_PORT 40009
| /* end confdefs.h.  */
| #include <ac_nonexistent.h>
configure:5266: result: gcc -E
configure:5286: gcc -E  conftest.c
configure:5286: $? = 0
configure:5300: gcc -E  conftest.c
conftest.c:12:28: fatal error: ac_nonexistent.h: No such file or directory
 #include <ac_nonexistent.h>
                            ^
compilation terminated.
configure:5300: $? = 1
configure: failed program was:
| /* confdefs.h */
| #define PACKAGE_NAME "os-sim"
| #define PACKAGE_TARNAME "os-sim"
| #define PACKAGE_VERSION ""
| #define PACKAGE_STRING "os-sim "
| #define PACKAGE_BUGREPORT ""
| #define PACKAGE_URL ""
| #define PACKAGE "os-sim"
| #define VERSION ""
| #define SERVER_API_PORT 40009
| /* end confdefs.h.  */
| #include <ac_nonexistent.h>
configure:5329: checking for grep that handles long lines and -e
configure:5387: result: /bin/grep
configure:5392: checking for egrep
configure:5454: result: /bin/grep -E
configure:5459: checking for ANSI C header files
configure:5479: gcc -c -g -O2  conftest.c >&5
configure:5479: $? = 0
configure:5552: gcc -o conftest -g -O2   conftest.c  >&5
configure:5552: $? = 0
configure:5552: ./conftest
configure:5552: $? = 0
configure:5563: result: yes
configure:5578: checking build system type
configure:5592: result: x86_64-pc-linux-gnu
configure:5612: checking host system type
configure:5625: result: x86_64-pc-linux-gnu
configure:5688: checking for ranlib
configure:5704: found /usr/bin/ranlib
configure:5715: result: ranlib
configure:5752: checking whether make supports nested variables
configure:5769: result: yes
configure:5796: checking for struct sockaddr.sa_len
configure:5796: gcc -c -g -O2 -fgnu89-inline -Wmissing-prototypes -Wall -Wextra -Werror -fstack-protector --param=ssp-buffer-size=4 -D_FORTIFY_SOURCE=2 -Wformat -Wformat-security  conftest.c >&5
conftest.c: In function 'main':
conftest.c:20:12: error: 'struct sockaddr' has no member named 'sa_len'
 if (ac_aggr.sa_len)
            ^
conftest.c:19:24: error: variable 'ac_aggr' set but not used [-Werror=unused-but-set-variable]
 static struct sockaddr ac_aggr;
                        ^~~~~~~
cc1: all warnings being treated as errors
configure:5796: $? = 1
configure: failed program was:
| /* confdefs.h */
| #define PACKAGE_NAME "os-sim"
| #define PACKAGE_TARNAME "os-sim"
| #define PACKAGE_VERSION ""
| #define PACKAGE_STRING "os-sim "
| #define PACKAGE_BUGREPORT ""
| #define PACKAGE_URL ""
| #define PACKAGE "os-sim"
| #define VERSION ""
| #define SERVER_API_PORT 40009
| #define STDC_HEADERS 1
| /* end confdefs.h.  */
| #include <sys/types.h>
|                  #include <sys/socket.h>
| 
| int
| main ()
| {
| static struct sockaddr ac_aggr;
| if (ac_aggr.sa_len)
| return 0;
|   ;
|   return 0;
| }
configure:5796: gcc -c -g -O2 -fgnu89-inline -Wmissing-prototypes -Wall -Wextra -Werror -fstack-protector --param=ssp-buffer-size=4 -D_FORTIFY_SOURCE=2 -Wformat -Wformat-security  conftest.c >&5
conftest.c: In function 'main':
conftest.c:20:19: error: 'struct sockaddr' has no member named 'sa_len'
 if (sizeof ac_aggr.sa_len)
                   ^
conftest.c:19:24: error: variable 'ac_aggr' set but not used [-Werror=unused-but-set-variable]
 static struct sockaddr ac_aggr;
                        ^~~~~~~
cc1: all warnings being treated as errors
configure:5796: $? = 1
configure: failed program was:
| /* confdefs.h */
| #define PACKAGE_NAME "os-sim"
| #define PACKAGE_TARNAME "os-sim"
| #define PACKAGE_VERSION ""
| #define PACKAGE_STRING "os-sim "
| #define PACKAGE_BUGREPORT ""
| #define PACKAGE_URL ""
| #define PACKAGE "os-sim"
| #define VERSION ""
| #define SERVER_API_PORT 40009
| #define STDC_HEADERS 1
| /* end confdefs.h.  */
| #include <sys/types.h>
|                  #include <sys/socket.h>
| 
| int
| main ()
| {
| static struct sockaddr ac_aggr;
| if (sizeof ac_aggr.sa_len)
| return 0;
|   ;
|   return 0;
| }
configure:5796: result: no
configure:5806: checking for struct sockaddr_storage
configure:5820: gcc -c -g -O2 -fgnu89-inline -Wmissing-prototypes -Wall -Wextra -Werror -fstack-protector --param=ssp-buffer-size=4 -D_FORTIFY_SOURCE=2 -Wformat -Wformat-security  conftest.c >&5
conftest.c: In function 'main':
conftest.c:18:28: error: statement with no effect [-Werror=unused-value]
 struct sockaddr_storage s; s
                            ^
cc1: all warnings being treated as errors
configure:5820: $? = 1
configure: failed program was:
| /* confdefs.h */
| #define PACKAGE_NAME "os-sim"
| #define PACKAGE_TARNAME "os-sim"
| #define PACKAGE_VERSION ""
| #define PACKAGE_STRING "os-sim "
| #define PACKAGE_BUGREPORT ""
| #define PACKAGE_URL ""
| #define PACKAGE "os-sim"
| #define VERSION ""
| #define SERVER_API_PORT 40009
| #define STDC_HEADERS 1
| /* end confdefs.h.  */
|  #include <sys/types.h>
| #include <sys/socket.h>
| int
| main ()
| {
| struct sockaddr_storage s; s
|   ;
|   return 0;
| }
configure:5833: result: no
configure:5838: checking for IPv6 availability
configure:5853: gcc -o conftest -g -O2 -fgnu89-inline -Wmissing-prototypes -Wall -Wextra -Werror -fstack-protector --param=ssp-buffer-size=4 -D_FORTIFY_SOURCE=2 -Wformat -Wformat-security   -Wl,-z,relro,-z,now -Wl,--hash-style=gnu conftest.c  >&5
conftest.c: In function 'main':
conftest.c:19:71: error: statement with no effect [-Werror=unused-value]
 struct sockaddr_in6 s; struct in6_addr t=in6addr_any; int i=AF_INET6; s; t.s6_addr[0] = 0;
                                                                       ^
conftest.c:19:59: error: unused variable 'i' [-Werror=unused-variable]
 struct sockaddr_in6 s; struct in6_addr t=in6addr_any; int i=AF_INET6; s; t.s6_addr[0] = 0;
                                                           ^
conftest.c:19:40: error: variable 't' set but not used [-Werror=unused-but-set-variable]
 struct sockaddr_in6 s; struct in6_addr t=in6addr_any; int i=AF_INET6; s; t.s6_addr[0] = 0;
                                        ^
cc1: all warnings being treated as errors
configure:5853: $? = 1
configure: failed program was:
| /* confdefs.h */
| #define PACKAGE_NAME "os-sim"
| #define PACKAGE_TARNAME "os-sim"
| #define PACKAGE_VERSION ""
| #define PACKAGE_STRING "os-sim "
| #define PACKAGE_BUGREPORT ""
| #define PACKAGE_URL ""
| #define PACKAGE "os-sim"
| #define VERSION ""
| #define SERVER_API_PORT 40009
| #define STDC_HEADERS 1
| /* end confdefs.h.  */
|  #include <sys/types.h>
| #include <sys/socket.h>
| #include <netinet/in.h>
| int
| main ()
| {
| struct sockaddr_in6 s; struct in6_addr t=in6addr_any; int i=AF_INET6; s; t.s6_addr[0] = 0;
|   ;
|   return 0;
| }
configure:5863: result: no
configure:5925: checking for pkg-config
configure:5943: found /usr/bin/pkg-config
configure:5955: result: /usr/bin/pkg-config
configure:5980: checking pkg-config is at least version 0.9.0
configure:5983: result: yes
configure:5993: checking for GLIB
configure:6000: $PKG_CONFIG --exists --print-errors "glib-2.0 >= 2.2 gobject-2.0 >= 2.2 gthread-2.0 >= 2.2 gio-2.0"
configure:6003: $? = 0
configure:6017: $PKG_CONFIG --exists --print-errors "glib-2.0 >= 2.2 gobject-2.0 >= 2.2 gthread-2.0 >= 2.2 gio-2.0"
configure:6020: $? = 0
configure:6078: result: yes
configure:6084: checking for GNET
configure:6091: $PKG_CONFIG --exists --print-errors "gnet-2.0 > 2.0"
configure:6094: $? = 0
configure:6108: $PKG_CONFIG --exists --print-errors "gnet-2.0 > 2.0"
configure:6111: $? = 0
configure:6169: result: yes
configure:6175: checking for LIBXML
configure:6182: $PKG_CONFIG --exists --print-errors "libxml-2.0"
configure:6185: $? = 0
configure:6199: $PKG_CONFIG --exists --print-errors "libxml-2.0"
configure:6202: $? = 0
configure:6260: result: yes
configure:6266: checking for OPENSSL
configure:6273: $PKG_CONFIG --exists --print-errors "openssl >= 0.9.7"
configure:6276: $? = 0
configure:6290: $PKG_CONFIG --exists --print-errors "openssl >= 0.9.7"
configure:6293: $? = 0
configure:6351: result: yes
configure:6357: checking for LIBGDA
configure:6364: $PKG_CONFIG --exists --print-errors "libgda-4.0 >= 4.2.11"
Package libgda-4.0 was not found in the pkg-config search path.
Perhaps you should add the directory containing `libgda-4.0.pc'
to the PKG_CONFIG_PATH environment variable
No package 'libgda-4.0' found
configure:6367: $? = 1
configure:6381: $PKG_CONFIG --exists --print-errors "libgda-4.0 >= 4.2.11"
Package libgda-4.0 was not found in the pkg-config search path.
Perhaps you should add the directory containing `libgda-4.0.pc'
to the PKG_CONFIG_PATH environment variable
No package 'libgda-4.0' found
configure:6384: $? = 1
configure:6398: result: no
No package 'libgda-4.0' found
configure:6417: checking for LIBGDA
configure:6424: $PKG_CONFIG --exists --print-errors "libgda-5.0 >= 5.2.2"
configure:6427: $? = 0
configure:6441: $PKG_CONFIG --exists --print-errors "libgda-5.0 >= 5.2.2"
configure:6444: $? = 0
configure:6502: result: yes
configure:6610: checking for LIBUUID
configure:6617: $PKG_CONFIG --exists --print-errors "uuid"
configure:6620: $? = 0
configure:6634: $PKG_CONFIG --exists --print-errors "uuid"
configure:6637: $? = 0
configure:6695: result: yes
configure:6701: checking for LIBPCRE
configure:6708: $PKG_CONFIG --exists --print-errors "libpcre >= 3.0"
configure:6711: $? = 0
configure:6725: $PKG_CONFIG --exists --print-errors "libpcre >= 3.0"
configure:6728: $? = 0
configure:6786: result: yes
configure:6792: checking for JSON_GLIB
configure:6799: $PKG_CONFIG --exists --print-errors "json-glib-1.0 >= 0.10.2"
configure:6802: $? = 0
configure:6816: $PKG_CONFIG --exists --print-errors "json-glib-1.0 >= 0.10.2"
configure:6819: $? = 0
configure:6877: result: yes
configure:6883: checking for LIBGEOIP
configure:6890: $PKG_CONFIG --exists --print-errors "libmaxminddb >= 1.2.0"
configure:6893: $? = 0
configure:6907: $PKG_CONFIG --exists --print-errors "libmaxminddb >= 1.2.0"
configure:6910: $? = 0
configure:6968: result: yes
configure:6974: checking for LIBSOUP
configure:6981: $PKG_CONFIG --exists --print-errors "libsoup-2.4"
configure:6984: $? = 0
configure:6998: $PKG_CONFIG --exists --print-errors "libsoup-2.4"
configure:7001: $? = 0
configure:7059: result: yes
configure:7065: checking for LIBBSON
configure:7072: $PKG_CONFIG --exists --print-errors "libbson-1.0"
configure:7075: $? = 0
configure:7089: $PKG_CONFIG --exists --print-errors "libbson-1.0"
configure:7092: $? = 0
configure:7150: result: yes
configure:7156: checking for LIBZLIB
configure:7163: $PKG_CONFIG --exists --print-errors "zlib"
configure:7166: $? = 0
configure:7180: $PKG_CONFIG --exists --print-errors "zlib"
configure:7183: $? = 0
configure:7241: result: yes
configure:7250: checking for sys/types.h
configure:7250: gcc -c -g -O2 -fgnu89-inline -Wmissing-prototypes -Wall -Wextra -Werror -fstack-protector --param=ssp-buffer-size=4 -D_FORTIFY_SOURCE=2 -Wformat -Wformat-security  conftest.c >&5
configure:7250: $? = 0
configure:7250: result: yes
configure:7250: checking for sys/stat.h
configure:7250: gcc -c -g -O2 -fgnu89-inline -Wmissing-prototypes -Wall -Wextra -Werror -fstack-protector --param=ssp-buffer-size=4 -D_FORTIFY_SOURCE=2 -Wformat -Wformat-security  conftest.c >&5
configure:7250: $? = 0
configure:7250: result: yes
configure:7250: checking for stdlib.h
configure:7250: gcc -c -g -O2 -fgnu89-inline -Wmissing-prototypes -Wall -Wextra -Werror -fstack-protector --param=ssp-buffer-size=4 -D_FORTIFY_SOURCE=2 -Wformat -Wformat-security  conftest.c >&5
configure:7250: $? = 0
configure:7250: result: yes
configure:7250: checking for string.h
configure:7250: gcc -c -g -O2 -fgnu89-inline -Wmissing-prototypes -Wall -Wextra -Werror -fstack-protector --param=ssp-buffer-size=4 -D_FORTIFY_SOURCE=2 -Wformat -Wformat-security  conftest.c >&5
configure:7250: $? = 0
configure:7250: result: yes
configure:7250: checking for memory.h
configure:7250: gcc -c -g -O2 -fgnu89-inline -Wmissing-prototypes -Wall -Wextra -Werror -fstack-protector --param=ssp-buffer-size=4 -D_FORTIFY_SOURCE=2 -Wformat -Wformat-security  conftest.c >&5
configure:7250: $? = 0
configure:7250: result: yes
configure:7250: checking for strings.h
configure:7250: gcc -c -g -O2 -fgnu89-inline -Wmissing-prototypes -Wall -Wextra -Werror -fstack-protector --param=ssp-buffer-size=4 -D_FORTIFY_SOURCE=2 -Wformat -Wformat-security  conftest.c >&5
configure:7250: $? = 0
configure:7250: result: yes
configure:7250: checking for inttypes.h
configure:7250: gcc -c -g -O2 -fgnu89-inline -Wmissing-prototypes -Wall -Wextra -Werror -fstack-protector --param=ssp-buffer-size=4 -D_FORTIFY_SOURCE=2 -Wformat -Wformat-security  conftest.c >&5
configure:7250: $? = 0
configure:7250: result: yes
configure:7250: checking for stdint.h
configure:7250: gcc -c -g -O2 -fgnu89-inline -Wmissing-prototypes -Wall -Wextra -Werror -fstack-protector --param=ssp-buffer-size=4 -D_FORTIFY_SOURCE=2 -Wformat -Wformat-security  conftest.c >&5
configure:7250: $? = 0
configure:7250: result: yes
configure:7250: checking for unistd.h
configure:7250: gcc -c -g -O2 -fgnu89-inline -Wmissing-prototypes -Wall -Wextra -Werror -fstack-protector --param=ssp-buffer-size=4 -D_FORTIFY_SOURCE=2 -Wformat -Wformat-security  conftest.c >&5
configure:7250: $? = 0
configure:7250: result: yes
configure:7262: checking uuid/uuid.h usability
configure:7262: gcc -c -g -O2 -fgnu89-inline -Wmissing-prototypes -Wall -Wextra -Werror -fstack-protector --param=ssp-buffer-size=4 -D_FORTIFY_SOURCE=2 -Wformat -Wformat-security  conftest.c >&5
configure:7262: $? = 0
configure:7262: result: yes
configure:7262: checking uuid/uuid.h presence
configure:7262: gcc -E  conftest.c
configure:7262: $? = 0
configure:7262: result: yes
configure:7262: checking for uuid/uuid.h
configure:7262: result: yes
configure:7264: checking for uuid_generate in -luuid
configure:7289: gcc -o conftest -g -O2 -fgnu89-inline -Wmissing-prototypes -Wall -Wextra -Werror -fstack-protector --param=ssp-buffer-size=4 -D_FORTIFY_SOURCE=2 -Wformat -Wformat-security   -Wl,-z,relro,-z,now -Wl,--hash-style=gnu conftest.c -luuid   >&5
configure:7289: $? = 0
configure:7298: result: yes
configure:7317: checking tidy/tidy.h usability
configure:7317: gcc -c -g -O2 -fgnu89-inline -Wmissing-prototypes -Wall -Wextra -Werror -fstack-protector --param=ssp-buffer-size=4 -D_FORTIFY_SOURCE=2 -Wformat -Wformat-security  conftest.c >&5
conftest.c:56:23: fatal error: tidy/tidy.h: No such file or directory
 #include <tidy/tidy.h>
                       ^
compilation terminated.
configure:7317: $? = 1
configure: failed program was:
| /* confdefs.h */
| #define PACKAGE_NAME "os-sim"
| #define PACKAGE_TARNAME "os-sim"
| #define PACKAGE_VERSION ""
| #define PACKAGE_STRING "os-sim "
| #define PACKAGE_BUGREPORT ""
| #define PACKAGE_URL ""
| #define PACKAGE "os-sim"
| #define VERSION ""
| #define SERVER_API_PORT 40009
| #define STDC_HEADERS 1
| #define HAVE_SYS_TYPES_H 1
| #define HAVE_SYS_STAT_H 1
| #define HAVE_STDLIB_H 1
| #define HAVE_STRING_H 1
| #define HAVE_MEMORY_H 1
| #define HAVE_STRINGS_H 1
| #define HAVE_INTTYPES_H 1
| #define HAVE_STDINT_H 1
| #define HAVE_UNISTD_H 1
| #define ENABLE_UUID 1
| /* end confdefs.h.  */
| #include <stdio.h>
| #ifdef HAVE_SYS_TYPES_H
| # include <sys/types.h>
| #endif
| #ifdef HAVE_SYS_STAT_H
| # include <sys/stat.h>
| #endif
| #ifdef STDC_HEADERS
| # include <stdlib.h>
| # include <stddef.h>
| #else
| # ifdef HAVE_STDLIB_H
| #  include <stdlib.h>
| # endif
| #endif
| #ifdef HAVE_STRING_H
| # if !defined STDC_HEADERS && defined HAVE_MEMORY_H
| #  include <memory.h>
| # endif
| # include <string.h>
| #endif
| #ifdef HAVE_STRINGS_H
| # include <strings.h>
| #endif
| #ifdef HAVE_INTTYPES_H
| # include <inttypes.h>
| #endif
| #ifdef HAVE_STDINT_H
| # include <stdint.h>
| #endif
| #ifdef HAVE_UNISTD_H
| # include <unistd.h>
| #endif
| #include <tidy/tidy.h>
configure:7317: result: no
configure:7317: checking tidy/tidy.h presence
configure:7317: gcc -E  conftest.c
conftest.c:23:23: fatal error: tidy/tidy.h: No such file or directory
 #include <tidy/tidy.h>
                       ^
compilation terminated.
configure:7317: $? = 1
configure: failed program was:
| /* confdefs.h */
| #define PACKAGE_NAME "os-sim"
| #define PACKAGE_TARNAME "os-sim"
| #define PACKAGE_VERSION ""
| #define PACKAGE_STRING "os-sim "
| #define PACKAGE_BUGREPORT ""
| #define PACKAGE_URL ""
| #define PACKAGE "os-sim"
| #define VERSION ""
| #define SERVER_API_PORT 40009
| #define STDC_HEADERS 1
| #define HAVE_SYS_TYPES_H 1
| #define HAVE_SYS_STAT_H 1
| #define HAVE_STDLIB_H 1
| #define HAVE_STRING_H 1
| #define HAVE_MEMORY_H 1
| #define HAVE_STRINGS_H 1
| #define HAVE_INTTYPES_H 1
| #define HAVE_STDINT_H 1
| #define HAVE_UNISTD_H 1
| #define ENABLE_UUID 1
| /* end confdefs.h.  */
| #include <tidy/tidy.h>
configure:7317: result: no
configure:7317: checking for tidy/tidy.h
configure:7317: result: no
configure:7363: WARNING: Tidy library not found.
configure:7370: checking Checking for --enable-debug
configure:7379: result: no
configure:7390: checking Checking for --enable-unittest
configure:7399: result: no
configure:7562: checking that generated files are newer than configure
configure:7568: result: done
configure:7603: creating ./config.status

## ---------------------- ##
## Running config.status. ##
## ---------------------- ##

This file was extended by os-sim config.status , which was
generated by GNU Autoconf 2.69.  Invocation command line was

  CONFIG_FILES    = 
  CONFIG_HEADERS  = 
  CONFIG_LINKS    = 
  CONFIG_COMMANDS = 
  $ ./config.status 

on alienvault

config.status:954: creating Makefile
config.status:954: creating src/Makefile
config.status:954: creating src/tests/Makefile
config.status:954: creating etc/Makefile
config.status:954: creating etc/framework/Makefile
config.status:954: creating etc/cron.d/Makefile
config.status:954: creating etc/cron.daily/Makefile
config.status:954: creating etc/init.d/Makefile
config.status:954: creating etc/logrotate.d/Makefile
config.status:954: creating db/Makefile
config.status:954: creating pixmaps/Makefile
config.status:954: creating include/Makefile
config.status:954: creating www/Makefile
config.status:954: creating www/action/Makefile
config.status:954: creating www/conf/Makefile
config.status:954: creating www/control_panel/Makefile
config.status:954: creating www/directives/Makefile
config.status:954: creating www/incidents/Makefile
config.status:954: creating www/nagios/Makefile
config.status:954: creating www/panel/Makefile
config.status:954: creating www/policy/Makefile
config.status:954: creating www/port/Makefile
config.status:954: creating www/report/Makefile
config.status:954: creating www/report/graphs/Makefile
config.status:954: creating www/report/jgraphs/Makefile
config.status:954: creating www/sensor/Makefile
config.status:954: creating www/server/Makefile
config.status:954: creating www/session/Makefile
config.status:954: creating www/vulnmeter/Makefile
config.status:954: creating www/backup/Makefile
config.status:954: creating www/java/Makefile
config.status:954: creating www/java/images/Makefile
config.status:954: creating www/js/Makefile
config.status:954: creating www/js/rico/Makefile
config.status:954: creating www/js/scriptaculous/Makefile
config.status:954: creating www/upgrade/Makefile
config.status:954: creating www/userlog/Makefile
config.status:954: creating scripts/Makefile
config.status:954: creating locale/es/LC_MESSAGES/Makefile
config.status:954: creating locale/es/Makefile
config.status:954: creating locale/Makefile
config.status:954: creating locale/en/LC_MESSAGES/Makefile
config.status:954: creating locale/en/Makefile
config.status:954: creating locale/ja/LC_MESSAGES/Makefile
config.status:954: creating locale/ja/Makefile
config.status:1183: executing depfiles commands

## ---------------- ##
## Cache variables. ##
## ---------------- ##

ac_cv_build=x86_64-pc-linux-gnu
ac_cv_c_compiler_gnu=yes
ac_cv_cxx_compiler_gnu=yes
ac_cv_env_CCC_set=
ac_cv_env_CCC_value=
ac_cv_env_CC_set=
ac_cv_env_CC_value=
ac_cv_env_CFLAGS_set=
ac_cv_env_CFLAGS_value=
ac_cv_env_CPPFLAGS_set=
ac_cv_env_CPPFLAGS_value=
ac_cv_env_CPP_set=
ac_cv_env_CPP_value=
ac_cv_env_CXXFLAGS_set=
ac_cv_env_CXXFLAGS_value=
ac_cv_env_CXX_set=
ac_cv_env_CXX_value=
ac_cv_env_GLIB_CFLAGS_set=
ac_cv_env_GLIB_CFLAGS_value=
ac_cv_env_GLIB_LIBS_set=
ac_cv_env_GLIB_LIBS_value=
ac_cv_env_GNET_CFLAGS_set=
ac_cv_env_GNET_CFLAGS_value=
ac_cv_env_GNET_LIBS_set=
ac_cv_env_GNET_LIBS_value=
ac_cv_env_JSON_GLIB_CFLAGS_set=
ac_cv_env_JSON_GLIB_CFLAGS_value=
ac_cv_env_JSON_GLIB_LIBS_set=
ac_cv_env_JSON_GLIB_LIBS_value=
ac_cv_env_LDFLAGS_set=
ac_cv_env_LDFLAGS_value=
ac_cv_env_LIBBSON_CFLAGS_set=
ac_cv_env_LIBBSON_CFLAGS_value=
ac_cv_env_LIBBSON_LIBS_set=
ac_cv_env_LIBBSON_LIBS_value=
ac_cv_env_LIBGDA_CFLAGS_set=
ac_cv_env_LIBGDA_CFLAGS_value=
ac_cv_env_LIBGDA_LIBS_set=
ac_cv_env_LIBGDA_LIBS_value=
ac_cv_env_LIBGEOIP_CFLAGS_set=
ac_cv_env_LIBGEOIP_CFLAGS_value=
ac_cv_env_LIBGEOIP_LIBS_set=
ac_cv_env_LIBGEOIP_LIBS_value=
ac_cv_env_LIBPCRE_CFLAGS_set=
ac_cv_env_LIBPCRE_CFLAGS_value=
ac_cv_env_LIBPCRE_LIBS_set=
ac_cv_env_LIBPCRE_LIBS_value=
ac_cv_env_LIBSOUP_CFLAGS_set=
ac_cv_env_LIBSOUP_CFLAGS_value=
ac_cv_env_LIBSOUP_LIBS_set=
ac_cv_env_LIBSOUP_LIBS_value=
ac_cv_env_LIBS_set=
ac_cv_env_LIBS_value=
ac_cv_env_LIBUUID_CFLAGS_set=
ac_cv_env_LIBUUID_CFLAGS_value=
ac_cv_env_LIBUUID_LIBS_set=
ac_cv_env_LIBUUID_LIBS_value=
ac_cv_env_LIBXML_CFLAGS_set=
ac_cv_env_LIBXML_CFLAGS_value=
ac_cv_env_LIBXML_LIBS_set=
ac_cv_env_LIBXML_LIBS_value=
ac_cv_env_LIBZLIB_CFLAGS_set=
ac_cv_env_LIBZLIB_CFLAGS_value=
ac_cv_env_LIBZLIB_LIBS_set=
ac_cv_env_LIBZLIB_LIBS_value=
ac_cv_env_OPENSSL_CFLAGS_set=
ac_cv_env_OPENSSL_CFLAGS_value=
ac_cv_env_OPENSSL_LIBS_set=
ac_cv_env_OPENSSL_LIBS_value=
ac_cv_env_PKG_CONFIG_LIBDIR_set=
ac_cv_env_PKG_CONFIG_LIBDIR_value=
ac_cv_env_PKG_CONFIG_PATH_set=set
ac_cv_env_PKG_CONFIG_PATH_value=/root/gnet-2.0.8/
ac_cv_env_PKG_CONFIG_set=
ac_cv_env_PKG_CONFIG_value=
ac_cv_env_build_alias_set=
ac_cv_env_build_alias_value=
ac_cv_env_host_alias_set=
ac_cv_env_host_alias_value=
ac_cv_env_target_alias_set=
ac_cv_env_target_alias_value=
ac_cv_header_inttypes_h=yes
ac_cv_header_memory_h=yes
ac_cv_header_stdc=yes
ac_cv_header_stdint_h=yes
ac_cv_header_stdlib_h=yes
ac_cv_header_string_h=yes
ac_cv_header_strings_h=yes
ac_cv_header_sys_stat_h=yes
ac_cv_header_sys_types_h=yes
ac_cv_header_tidy_tidy_h=no
ac_cv_header_unistd_h=yes
ac_cv_header_uuid_uuid_h=yes
ac_cv_host=x86_64-pc-linux-gnu
ac_cv_lib_uuid_uuid_generate=yes
ac_cv_member_struct_sockaddr_sa_len=no
ac_cv_objext=o
ac_cv_path_EGREP='/bin/grep -E'
ac_cv_path_GREP=/bin/grep
ac_cv_path_ac_pt_PKG_CONFIG=/usr/bin/pkg-config
ac_cv_path_install='/usr/bin/install -c'
ac_cv_path_mkdir=/bin/mkdir
ac_cv_prog_AWK=gawk
ac_cv_prog_CPP='gcc -E'
ac_cv_prog_ac_ct_CC=gcc
ac_cv_prog_ac_ct_CXX=g++
ac_cv_prog_ac_ct_RANLIB=ranlib
ac_cv_prog_cc_c89=
ac_cv_prog_cc_g=yes
ac_cv_prog_cxx_g=yes
ac_cv_prog_make_make_set=yes
ac_cv_search_strerror='none required'
am_cv_CC_dependencies_compiler_type=gcc3
am_cv_CXX_dependencies_compiler_type=gcc3
am_cv_make_support_nested_variables=yes
am_cv_prog_cc_c_o=yes
pkg_cv_GLIB_CFLAGS='-pthread -I/usr/include/glib-2.0 -I/usr/lib/x86_64-linux-gnu/glib-2.0/include'
pkg_cv_GLIB_LIBS='-lgthread-2.0 -pthread -lgio-2.0 -lgobject-2.0 -lglib-2.0'
pkg_cv_GNET_CFLAGS='-pthread -I/usr/local/include/gnet-2.0 -I/usr/local/lib/gnet-2.0/include/ -I/usr/include/glib-2.0 -I/usr/lib/x86_64-linux-gnu/glib-2.0/include -I/usr/include/glib-2.0 -I/usr/lib/x86_64-linux-gnu/glib-2.0/include'
pkg_cv_GNET_LIBS='-L/usr/local/lib -lgnet-2.0 -lglib-2.0 -lgthread-2.0 -pthread -lglib-2.0'
pkg_cv_JSON_GLIB_CFLAGS='-pthread -I/usr/include/json-glib-1.0 -I/usr/include/glib-2.0 -I/usr/lib/x86_64-linux-gnu/glib-2.0/include'
pkg_cv_JSON_GLIB_LIBS='-ljson-glib-1.0 -lgio-2.0 -lgobject-2.0 -lglib-2.0'
pkg_cv_LIBBSON_CFLAGS=-I/usr/local/include/libbson-1.0
pkg_cv_LIBBSON_LIBS='-L/usr/local/lib -lbson-1.0'
pkg_cv_LIBGDA_CFLAGS='-pthread -I/usr/include/glib-2.0 -I/usr/lib/x86_64-linux-gnu/glib-2.0/include -I/usr/include/libxml2 -I/usr/include/libgda-5.0 -I/usr/include/libgda-5.0/libgda'
pkg_cv_LIBGDA_LIBS='-lgda-5.0 -lgobject-2.0 -lgthread-2.0 -pthread -lglib-2.0 -lxml2'
pkg_cv_LIBGEOIP_CFLAGS=-I/usr/include/x86_64-linux-gnu
pkg_cv_LIBGEOIP_LIBS=-lmaxminddb
pkg_cv_LIBPCRE_CFLAGS=
pkg_cv_LIBPCRE_LIBS=-lpcre
pkg_cv_LIBSOUP_CFLAGS='-pthread -I/usr/include/libsoup-2.4 -I/usr/include/libxml2 -I/usr/include/glib-2.0 -I/usr/lib/x86_64-linux-gnu/glib-2.0/include'
pkg_cv_LIBSOUP_LIBS='-lsoup-2.4 -lgio-2.0 -lgobject-2.0 -lglib-2.0'
pkg_cv_LIBUUID_CFLAGS=-I/usr/include/uuid
pkg_cv_LIBUUID_LIBS=-luuid
pkg_cv_LIBXML_CFLAGS=-I/usr/include/libxml2
pkg_cv_LIBXML_LIBS=-lxml2
pkg_cv_LIBZLIB_CFLAGS=
pkg_cv_LIBZLIB_LIBS=-lz
pkg_cv_OPENSSL_CFLAGS=
pkg_cv_OPENSSL_LIBS='-lssl -lcrypto'

## ----------------- ##
## Output variables. ##
## ----------------- ##

ACLOCAL='${SHELL} /root/stip-backend/os-sim/missing aclocal-1.15'
AMDEPBACKSLASH='\'
AMDEP_FALSE='#'
AMDEP_TRUE=''
AMTAR='$${TAR-tar}'
AM_BACKSLASH='\'
AM_DEFAULT_V='$(AM_DEFAULT_VERBOSITY)'
AM_DEFAULT_VERBOSITY='0'
AM_V='$(V)'
AUTOCONF='${SHELL} /root/stip-backend/os-sim/missing autoconf'
AUTOHEADER='${SHELL} /root/stip-backend/os-sim/missing autoheader'
AUTOMAKE='${SHELL} /root/stip-backend/os-sim/missing automake-1.15'
AWK='gawk'
CC='gcc'
CCDEPMODE='depmode=gcc3'
CFLAGS='-g -O2 -fgnu89-inline -Wmissing-prototypes -Wall -Wextra -Werror -fstack-protector --param=ssp-buffer-size=4 -D_FORTIFY_SOURCE=2 -Wformat -Wformat-security'
CPP='gcc -E'
CPPFLAGS=''
CXX='g++'
CXXDEPMODE='depmode=gcc3'
CXXFLAGS='-g -O2'
CYGPATH_W='echo'
DEFS='-DHAVE_CONFIG_H'
DEPDIR='.deps'
ECHO_C=''
ECHO_N='-n'
ECHO_T=''
EGREP='/bin/grep -E'
EXEEXT=''
GLIB_CFLAGS='-pthread -I/usr/include/glib-2.0 -I/usr/lib/x86_64-linux-gnu/glib-2.0/include'
GLIB_LIBS='-lgthread-2.0 -pthread -lgio-2.0 -lgobject-2.0 -lglib-2.0'
GNET_CFLAGS='-pthread -I/usr/local/include/gnet-2.0 -I/usr/local/lib/gnet-2.0/include/ -I/usr/include/glib-2.0 -I/usr/lib/x86_64-linux-gnu/glib-2.0/include -I/usr/include/glib-2.0 -I/usr/lib/x86_64-linux-gnu/glib-2.0/include'
GNET_LIBS='-L/usr/local/lib -lgnet-2.0 -lglib-2.0 -lgthread-2.0 -pthread -lglib-2.0'
GREP='/bin/grep'
INSTALL_DATA='${INSTALL} -m 644'
INSTALL_PROGRAM='${INSTALL}'
INSTALL_SCRIPT='${INSTALL}'
INSTALL_STRIP_PROGRAM='$(install_sh) -c -s'
JSON_GLIB_CFLAGS='-pthread -I/usr/include/json-glib-1.0 -I/usr/include/glib-2.0 -I/usr/lib/x86_64-linux-gnu/glib-2.0/include'
JSON_GLIB_LIBS='-ljson-glib-1.0 -lgio-2.0 -lgobject-2.0 -lglib-2.0'
LDFLAGS=' -Wl,-z,relro,-z,now -Wl,--hash-style=gnu'
LIBBSON_CFLAGS='-I/usr/local/include/libbson-1.0'
LIBBSON_LIBS='-L/usr/local/lib -lbson-1.0'
LIBGDA_CFLAGS='-pthread -I/usr/include/glib-2.0 -I/usr/lib/x86_64-linux-gnu/glib-2.0/include -I/usr/include/libxml2 -I/usr/include/libgda-5.0 -I/usr/include/libgda-5.0/libgda'
LIBGDA_LIBS='-lgda-5.0 -lgobject-2.0 -lgthread-2.0 -pthread -lglib-2.0 -lxml2'
LIBGEOIP_CFLAGS='-I/usr/include/x86_64-linux-gnu'
LIBGEOIP_LIBS='-lmaxminddb'
LIBOBJS=''
LIBPCRE_CFLAGS=''
LIBPCRE_LIBS='-lpcre'
LIBS=''
LIBSOUP_CFLAGS='-pthread -I/usr/include/libsoup-2.4 -I/usr/include/libxml2 -I/usr/include/glib-2.0 -I/usr/lib/x86_64-linux-gnu/glib-2.0/include'
LIBSOUP_LIBS='-lsoup-2.4 -lgio-2.0 -lgobject-2.0 -lglib-2.0'
LIBTIDY_LIBS=''
LIBUUID_CFLAGS='-I/usr/include/uuid'
LIBUUID_LIBS='-luuid'
LIBXML_CFLAGS='-I/usr/include/libxml2'
LIBXML_LIBS='-lxml2'
LIBZLIB_CFLAGS=''
LIBZLIB_LIBS='-lz'
LTLIBOBJS=''
MAINT='#'
MAINTAINER_MODE_FALSE=''
MAINTAINER_MODE_TRUE='#'
MAKEINFO='${SHELL} /root/stip-backend/os-sim/missing makeinfo'
MKDIR_P='/bin/mkdir -p'
OBJEXT='o'
OPENSSL_CFLAGS=''
OPENSSL_LIBS='-lssl -lcrypto'
OS_SIM_MAJOR_VERSION=''
OS_SIM_MICRO_VERSION=''
OS_SIM_MINOR_VERSION=''
OS_SIM_VERSION=''
PACKAGE='os-sim'
PACKAGE_BUGREPORT=''
PACKAGE_NAME='os-sim'
PACKAGE_STRING='os-sim '
PACKAGE_TARNAME='os-sim'
PACKAGE_URL=''
PACKAGE_VERSION=''
PATH_SEPARATOR=':'
PKG_CONFIG='/usr/bin/pkg-config'
PKG_CONFIG_LIBDIR=''
PKG_CONFIG_PATH='/usr/lib/x86_64-linux-gnu/pkgconfig/:/usr/lib/x86_64-linux-gnu/pkgconfig/:/root/gnet-2.0.8/'
RANLIB='ranlib'
SERVER_API_PORT=''
SET_MAKE=''
SHELL='/bin/sh'
STRIP=''
VERSION=''
ac_ct_CC='gcc'
ac_ct_CXX='g++'
am__EXEEXT_FALSE=''
am__EXEEXT_TRUE='#'
am__fastdepCC_FALSE='#'
am__fastdepCC_TRUE=''
am__fastdepCXX_FALSE='#'
am__fastdepCXX_TRUE=''
am__include='include'
am__isrc=''
am__leading_dot='.'
am__nodep='_no'
am__quote=''
am__tar='$${TAR-tar} chof - "$$tardir"'
am__untar='$${TAR-tar} xf -'
bindir='${exec_prefix}/bin'
build='x86_64-pc-linux-gnu'
build_alias=''
build_cpu='x86_64'
build_os='linux-gnu'
build_vendor='pc'
datadir='${datarootdir}'
datarootdir='${prefix}/share'
docdir='${datarootdir}/doc/${PACKAGE_TARNAME}'
dvidir='${docdir}'
exec_prefix='${prefix}'
host='x86_64-pc-linux-gnu'
host_alias=''
host_cpu='x86_64'
host_os='linux-gnu'
host_vendor='pc'
htmldir='${docdir}'
includedir='${prefix}/include'
infodir='${datarootdir}/info'
install_sh='${SHELL} /root/stip-backend/os-sim/install-sh'
libdir='${exec_prefix}/lib'
libexecdir='${exec_prefix}/libexec'
localedir='${datarootdir}/locale'
localstatedir='/var'
mandir='${datarootdir}/man'
mkdir_p='$(MKDIR_P)'
oldincludedir='/usr/include'
pdfdir='${docdir}'
prefix='/usr/local'
program_transform_name='s,x,x,'
psdir='${docdir}'
runstatedir='${localstatedir}/run'
sbindir='${exec_prefix}/sbin'
sharedstatedir='${prefix}/com'
sysconfdir='/etc'
target_alias=''

## ----------- ##
## confdefs.h. ##
## ----------- ##

/* confdefs.h */
#define PACKAGE_NAME "os-sim"
#define PACKAGE_TARNAME "os-sim"
#define PACKAGE_VERSION ""
#define PACKAGE_STRING "os-sim "
#define PACKAGE_BUGREPORT ""
#define PACKAGE_URL ""
#define PACKAGE "os-sim"
#define VERSION ""
#define SERVER_API_PORT 40009
#define STDC_HEADERS 1
#define HAVE_SYS_TYPES_H 1
#define HAVE_SYS_STAT_H 1
#define HAVE_STDLIB_H 1
#define HAVE_STRING_H 1
#define HAVE_MEMORY_H 1
#define HAVE_STRINGS_H 1
#define HAVE_INTTYPES_H 1
#define HAVE_STDINT_H 1
#define HAVE_UNISTD_H 1
#define ENABLE_UUID 1
#define SERVER_VERSION "custom_build-9ffb651811bd14f8a05a426985621f5611b9206f"

configure: exit 0
